Flow report for half_adder
Fri Feb 28 17:59:18 2025
Quartus Prime Version 23.1std.1 Build 993 05/14/2024 SC Lite Edition


---------------------
; Table of Contents ;
---------------------
  1. Legal Notice
  2. Flow Summary
  3. Flow Settings
  4. Flow Non-Default Global Settings
  5. Flow Elapsed Time
  6. Flow OS Summary
  7. Flow Log
  8. Flow Messages
  9. Flow Suppressed Messages



----------------
; Legal Notice ;
----------------
Copyright (C) 2024  Intel Corporation. All rights reserved.
Your use of Intel Corporation's design tools, logic functions 
and other software and tools, and any partner logic 
functions, and any output files from any of the foregoing 
(including device programming or simulation files), and any 
associated documentation or information are expressly subject 
to the terms and conditions of the Intel Program License 
Subscription Agreement, the Intel Quartus Prime License Agreement,
the Intel FPGA IP License Agreement, or other applicable license
agreement, including, without limitation, that your use is for
the sole purpose of programming logic devices manufactured by
Intel and sold by Intel or its authorized distributors.  Please
refer to the applicable agreement for further details, at
https://fpgasoftware.intel.com/eula.



+-------------------------------------------------------------------------------------+
; Flow Summary                                                                        ;
+------------------------------------+------------------------------------------------+
; Flow Status                        ; Successful - Fri Feb 28 17:59:18 2025          ;
; Quartus Prime Version              ; 23.1std.1 Build 993 05/14/2024 SC Lite Edition ;
; Revision Name                      ; half_adder                                     ;
; Top-level Entity Name              ; half_adder                                     ;
; Family                             ; MAX 10                                         ;
; Device                             ; 10M50DAF484C6GES                               ;
; Timing Models                      ; Preliminary                                    ;
; Total logic elements               ; 3 / 49,760 ( < 1 % )                           ;
;     Total combinational functions  ; 3 / 49,760 ( < 1 % )                           ;
;     Dedicated logic registers      ; 0 / 49,760 ( 0 % )                             ;
; Total registers                    ; 0                                              ;
; Total pins                         ; 4 / 360 ( 1 % )                                ;
; Total virtual pins                 ; 0                                              ;
; Total memory bits                  ; 0 / 1,677,312 ( 0 % )                          ;
; Embedded Multiplier 9-bit elements ; 0 / 288 ( 0 % )                                ;
; Total PLLs                         ; 0 / 4 ( 0 % )                                  ;
; UFM blocks                         ; 0 / 1 ( 0 % )                                  ;
; ADC blocks                         ; 0 / 2 ( 0 % )                                  ;
+------------------------------------+------------------------------------------------+


+-----------------------------------------+
; Flow Settings                           ;
+-------------------+---------------------+
; Option            ; Setting             ;
+-------------------+---------------------+
; Start date & time ; 02/28/2025 17:55:20 ;
; Main task         ; Compilation         ;
; Revision Name     ; half_adder          ;
+-------------------+---------------------+


+-------------------------------------------------------------------------------------------------------------------------+
; Flow Non-Default Global Settings                                                                                        ;
+-------------------------------------+----------------------------------------+---------------+-------------+------------+
; Assignment Name                     ; Value                                  ; Default Value ; Entity Name ; Section Id ;
+-------------------------------------+----------------------------------------+---------------+-------------+------------+
; COMPILER_SIGNATURE_ID               ; 260097667432781.174076532014772        ; --            ; --          ; --         ;
; MAX_CORE_JUNCTION_TEMP              ; 85                                     ; --            ; --          ; --         ;
; MIN_CORE_JUNCTION_TEMP              ; 0                                      ; --            ; --          ; --         ;
; PARTITION_COLOR                     ; -- (Not supported for targeted family) ; --            ; --          ; Top        ;
; PARTITION_FITTER_PRESERVATION_LEVEL ; -- (Not supported for targeted family) ; --            ; --          ; Top        ;
; PARTITION_NETLIST_TYPE              ; -- (Not supported for targeted family) ; --            ; --          ; Top        ;
; PROJECT_OUTPUT_DIRECTORY            ; output_files                           ; --            ; --          ; --         ;
+-------------------------------------+----------------------------------------+---------------+-------------+------------+


+--------------------------------------------------------------------------------------------------------------------------+
; Flow Elapsed Time                                                                                                        ;
+----------------------+--------------+-------------------------+---------------------+------------------------------------+
; Module Name          ; Elapsed Time ; Average Processors Used ; Peak Virtual Memory ; Total CPU Time (on all processors) ;
+----------------------+--------------+-------------------------+---------------------+------------------------------------+
; Analysis & Synthesis ; 00:00:20     ; 1.0                     ; 4721 MB             ; 00:00:48                           ;
; Fitter               ; 00:00:12     ; 1.0                     ; 5355 MB             ; 00:00:16                           ;
; Assembler            ; 00:00:05     ; 1.0                     ; 4717 MB             ; 00:00:05                           ;
; Timing Analyzer      ; 00:00:04     ; 1.0                     ; 4800 MB             ; 00:00:03                           ;
; EDA Netlist Writer   ; 00:00:00     ; 1.0                     ; 4630 MB             ; 00:00:01                           ;
; EDA Netlist Writer   ; 00:00:01     ; 1.0                     ; 4643 MB             ; 00:00:01                           ;
; EDA Netlist Writer   ; 00:00:01     ; 1.0                     ; 4630 MB             ; 00:00:01                           ;
; EDA Netlist Writer   ; 00:00:01     ; 1.0                     ; 4643 MB             ; 00:00:01                           ;
; Total                ; 00:00:44     ; --                      ; --                  ; 00:01:16                           ;
+----------------------+--------------+-------------------------+---------------------+------------------------------------+


+------------------------------------------------------------------------------------+
; Flow OS Summary                                                                    ;
+----------------------+------------------+------------+------------+----------------+
; Module Name          ; Machine Hostname ; OS Name    ; OS Version ; Processor type ;
+----------------------+------------------+------------+------------+----------------+
; Analysis & Synthesis ; Choaibs-PC       ; Windows 10 ; 10.0       ; x86_64         ;
; Fitter               ; Choaibs-PC       ; Windows 10 ; 10.0       ; x86_64         ;
; Assembler            ; Choaibs-PC       ; Windows 10 ; 10.0       ; x86_64         ;
; Timing Analyzer      ; Choaibs-PC       ; Windows 10 ; 10.0       ; x86_64         ;
; EDA Netlist Writer   ; Choaibs-PC       ; Windows 10 ; 10.0       ; x86_64         ;
; EDA Netlist Writer   ; Choaibs-PC       ; Windows 10 ; 10.0       ; x86_64         ;
; EDA Netlist Writer   ; Choaibs-PC       ; Windows 10 ; 10.0       ; x86_64         ;
; EDA Netlist Writer   ; Choaibs-PC       ; Windows 10 ; 10.0       ; x86_64         ;
+----------------------+------------------+------------+------------+----------------+


------------
; Flow Log ;
------------
quartus_map --read_settings_files=on --write_settings_files=off half_adder -c half_adder
quartus_fit --read_settings_files=off --write_settings_files=off half_adder -c half_adder
quartus_asm --read_settings_files=off --write_settings_files=off half_adder -c half_adder
quartus_sta half_adder -c half_adder
quartus_eda --gen_testbench --tool=modelsim_oem --format=verilog --write_settings_files=off half_adder -c half_adder --vector_source="C:/Users/Choaib ELMADI/Documents/D.I.F.Y/2. Electronics/2. FPGA/Getting Started with Verilog/Projects/Quartus/Half_Adder/Waveform.vwf" --testbench_file="C:/Users/Choaib ELMADI/Documents/D.I.F.Y/2. Electronics/2. FPGA/Getting Started with Verilog/Projects/Quartus/Half_Adder/simulation/qsim/Waveform.vwf.vt"
quartus_eda --write_settings_files=off --simulation=on --functional=on --flatten_buses=off --tool=modelsim_oem --format=verilog --output_directory="C:/Users/Choaib ELMADI/Documents/D.I.F.Y/2. Electronics/2. FPGA/Getting Started with Verilog/Projects/Quartus/Half_Adder/simulation/qsim/" half_adder -c half_adder
quartus_eda --gen_testbench --tool=modelsim_oem --format=verilog --write_settings_files=off half_adder -c half_adder --vector_source="C:/Users/Choaib ELMADI/Documents/D.I.F.Y/2. Electronics/2. FPGA/Getting Started with Verilog/Projects/Quartus/Half_Adder/Waveform.vwf" --testbench_file="C:/Users/Choaib ELMADI/Documents/D.I.F.Y/2. Electronics/2. FPGA/Getting Started with Verilog/Projects/Quartus/Half_Adder/simulation/qsim/Waveform.vwf.vt"
quartus_eda --write_settings_files=off --simulation=on --functional=on --flatten_buses=off --tool=modelsim_oem --format=verilog --output_directory="C:/Users/Choaib ELMADI/Documents/D.I.F.Y/2. Electronics/2. FPGA/Getting Started with Verilog/Projects/Quartus/Half_Adder/simulation/qsim/" half_adder -c half_adder



